0 info it worked if it ends with ok
1 verbose cli [ 'C:\\Program Files\\nodejs\\\\node.exe',
1 verbose cli   'C:\\Program Files\\nodejs\\node_modules\\npm\\bin\\npm-cli.js',
1 verbose cli   'install' ]
2 info using npm@1.4.28
3 info using node@v0.10.32
4 verbose node symlink C:\Program Files\nodejs\\node.exe
5 verbose readDependencies using package.json deps
6 verbose install where, deps [ 'R:\\bothomsen.me',
6 verbose install   [ 'grunt-css',
6 verbose install     'grunt-htmlrefs',
6 verbose install     'grunt',
6 verbose install     'grunt-htmlcompressor',
6 verbose install     'grunt-contrib-concat',
6 verbose install     'grunt-contrib-uglify' ] ]
7 info preinstall bothomsen@1.0.0
8 verbose readDependencies using package.json deps
9 verbose already installed skipping grunt-css@~0.5.3 R:\bothomsen.me
10 verbose already installed skipping grunt-htmlrefs@~0.2.4 R:\bothomsen.me
11 verbose already installed skipping grunt@~0.4.0rc8 R:\bothomsen.me
12 verbose cache add [ 'grunt-htmlcompressor@~0.1.10', null ]
13 verbose cache add name=undefined spec="grunt-htmlcompressor@~0.1.10" args=["grunt-htmlcompressor@~0.1.10",null]
14 verbose parsed url { protocol: null,
14 verbose parsed url   slashes: null,
14 verbose parsed url   auth: null,
14 verbose parsed url   host: null,
14 verbose parsed url   port: null,
14 verbose parsed url   hostname: null,
14 verbose parsed url   hash: null,
14 verbose parsed url   search: null,
14 verbose parsed url   query: null,
14 verbose parsed url   pathname: 'grunt-htmlcompressor@~0.1.10',
14 verbose parsed url   path: 'grunt-htmlcompressor@~0.1.10',
14 verbose parsed url   href: 'grunt-htmlcompressor@~0.1.10' }
15 verbose cache add [ 'grunt-contrib-concat@~', null ]
16 verbose cache add name=undefined spec="grunt-contrib-concat@~" args=["grunt-contrib-concat@~",null]
17 verbose parsed url { protocol: null,
17 verbose parsed url   slashes: null,
17 verbose parsed url   auth: null,
17 verbose parsed url   host: null,
17 verbose parsed url   port: null,
17 verbose parsed url   hostname: null,
17 verbose parsed url   hash: null,
17 verbose parsed url   search: null,
17 verbose parsed url   query: null,
17 verbose parsed url   pathname: 'grunt-contrib-concat@~',
17 verbose parsed url   path: 'grunt-contrib-concat@~',
17 verbose parsed url   href: 'grunt-contrib-concat@~' }
18 verbose cache add [ 'grunt-contrib-uglify@~0.9.1', null ]
19 verbose cache add name=undefined spec="grunt-contrib-uglify@~0.9.1" args=["grunt-contrib-uglify@~0.9.1",null]
20 verbose parsed url { protocol: null,
20 verbose parsed url   slashes: null,
20 verbose parsed url   auth: null,
20 verbose parsed url   host: null,
20 verbose parsed url   port: null,
20 verbose parsed url   hostname: null,
20 verbose parsed url   hash: null,
20 verbose parsed url   search: null,
20 verbose parsed url   query: null,
20 verbose parsed url   pathname: 'grunt-contrib-uglify@~0.9.1',
20 verbose parsed url   path: 'grunt-contrib-uglify@~0.9.1',
20 verbose parsed url   href: 'grunt-contrib-uglify@~0.9.1' }
21 verbose cache add name="grunt-htmlcompressor" spec="~0.1.10" args=["grunt-htmlcompressor","~0.1.10"]
22 verbose parsed url { protocol: null,
22 verbose parsed url   slashes: null,
22 verbose parsed url   auth: null,
22 verbose parsed url   host: null,
22 verbose parsed url   port: null,
22 verbose parsed url   hostname: null,
22 verbose parsed url   hash: null,
22 verbose parsed url   search: null,
22 verbose parsed url   query: null,
22 verbose parsed url   pathname: '~0.1.10',
22 verbose parsed url   path: '~0.1.10',
22 verbose parsed url   href: '~0.1.10' }
23 verbose addNamed [ 'grunt-htmlcompressor', '~0.1.10' ]
24 verbose addNamed [ null, '>=0.1.10-0 <0.2.0-0' ]
25 verbose cache add name="grunt-contrib-concat" spec="~" args=["grunt-contrib-concat","~"]
26 verbose parsed url { protocol: null,
26 verbose parsed url   slashes: null,
26 verbose parsed url   auth: null,
26 verbose parsed url   host: null,
26 verbose parsed url   port: null,
26 verbose parsed url   hostname: null,
26 verbose parsed url   hash: null,
26 verbose parsed url   search: null,
26 verbose parsed url   query: null,
26 verbose parsed url   pathname: '~',
26 verbose parsed url   path: '~',
26 verbose parsed url   href: '~' }
27 verbose addNamed [ 'grunt-contrib-concat', '~' ]
28 verbose addNamed [ null, null ]
29 verbose cache add name="grunt-contrib-uglify" spec="~0.9.1" args=["grunt-contrib-uglify","~0.9.1"]
30 verbose parsed url { protocol: null,
30 verbose parsed url   slashes: null,
30 verbose parsed url   auth: null,
30 verbose parsed url   host: null,
30 verbose parsed url   port: null,
30 verbose parsed url   hostname: null,
30 verbose parsed url   hash: null,
30 verbose parsed url   search: null,
30 verbose parsed url   query: null,
30 verbose parsed url   pathname: '~0.9.1',
30 verbose parsed url   path: '~0.9.1',
30 verbose parsed url   href: '~0.9.1' }
31 verbose addNamed [ 'grunt-contrib-uglify', '~0.9.1' ]
32 verbose addNamed [ null, '>=0.9.1-0 <0.10.0-0' ]
33 silly lockFile 2dbbbc58-grunt-htmlcompressor-0-1-10 grunt-htmlcompressor@~0.1.10
34 verbose lock grunt-htmlcompressor@~0.1.10 C:\Users\Bo\AppData\Roaming\npm-cache\2dbbbc58-grunt-htmlcompressor-0-1-10.lock
35 silly lockFile f6bb2664-grunt-contrib-concat grunt-contrib-concat@~
36 verbose lock grunt-contrib-concat@~ C:\Users\Bo\AppData\Roaming\npm-cache\f6bb2664-grunt-contrib-concat.lock
37 silly lockFile 88f03733-grunt-contrib-uglify-0-9-1 grunt-contrib-uglify@~0.9.1
38 verbose lock grunt-contrib-uglify@~0.9.1 C:\Users\Bo\AppData\Roaming\npm-cache\88f03733-grunt-contrib-uglify-0-9-1.lock
39 silly addNameRange { name: 'grunt-htmlcompressor',
39 silly addNameRange   range: '>=0.1.10-0 <0.2.0-0',
39 silly addNameRange   hasData: false }
40 silly addNameRange { name: 'grunt-contrib-uglify',
40 silly addNameRange   range: '>=0.9.1-0 <0.10.0-0',
40 silly addNameRange   hasData: false }
41 info addNameTag [ 'grunt-contrib-concat', '~' ]
42 verbose request where is /grunt-htmlcompressor
43 verbose request registry https://registry.npmjs.org/
44 verbose request id 01a60cf0ce212de1
45 verbose url raw /grunt-htmlcompressor
46 verbose url resolving [ 'https://registry.npmjs.org/', './grunt-htmlcompressor' ]
47 verbose url resolved https://registry.npmjs.org/grunt-htmlcompressor
48 verbose request where is https://registry.npmjs.org/grunt-htmlcompressor
49 info trying registry request attempt 1 at 18:01:57
50 verbose etag "892ZQH1SVUIEAKX0NSC2YUTC1"
51 http GET https://registry.npmjs.org/grunt-htmlcompressor
52 verbose request where is /grunt-contrib-uglify
53 verbose request registry https://registry.npmjs.org/
54 verbose url raw /grunt-contrib-uglify
55 verbose url resolving [ 'https://registry.npmjs.org/', './grunt-contrib-uglify' ]
56 verbose url resolved https://registry.npmjs.org/grunt-contrib-uglify
57 verbose request where is https://registry.npmjs.org/grunt-contrib-uglify
58 info trying registry request attempt 1 at 18:01:57
59 verbose etag "1KIBHO8ONKUETE74GHLJRDPY"
60 http GET https://registry.npmjs.org/grunt-contrib-uglify
61 verbose request where is /grunt-contrib-concat
62 verbose request registry https://registry.npmjs.org/
63 verbose url raw /grunt-contrib-concat
64 verbose url resolving [ 'https://registry.npmjs.org/', './grunt-contrib-concat' ]
65 verbose url resolved https://registry.npmjs.org/grunt-contrib-concat
66 verbose request where is https://registry.npmjs.org/grunt-contrib-concat
67 info trying registry request attempt 1 at 18:01:57
68 verbose etag "EUDVA13AEO4R9K2S2S4RNFVA3"
69 http GET https://registry.npmjs.org/grunt-contrib-concat
70 http 304 https://registry.npmjs.org/grunt-contrib-uglify
71 silly registry.get cb [ 304,
71 silly registry.get   { date: 'Sat, 20 Jun 2015 16:02:03 GMT',
71 silly registry.get     via: '1.1 varnish',
71 silly registry.get     'cache-control': 'max-age=60',
71 silly registry.get     etag: '"1KIBHO8ONKUETE74GHLJRDPY"',
71 silly registry.get     age: '37',
71 silly registry.get     connection: 'keep-alive',
71 silly registry.get     'x-served-by': 'cache-ams4146-AMS',
71 silly registry.get     'x-cache': 'HIT',
71 silly registry.get     'x-cache-hits': '1',
71 silly registry.get     'x-timer': 'S1434816123.981586,VS0,VE0',
71 silly registry.get     vary: 'Accept' } ]
72 verbose etag https://registry.npmjs.org/grunt-contrib-uglify from cache
73 http 304 https://registry.npmjs.org/grunt-contrib-concat
74 silly registry.get cb [ 304,
74 silly registry.get   { date: 'Sat, 20 Jun 2015 16:02:03 GMT',
74 silly registry.get     via: '1.1 varnish',
74 silly registry.get     'cache-control': 'max-age=60',
74 silly registry.get     etag: '"EUDVA13AEO4R9K2S2S4RNFVA3"',
74 silly registry.get     age: '27',
74 silly registry.get     connection: 'keep-alive',
74 silly registry.get     'x-served-by': 'cache-ams4126-AMS',
74 silly registry.get     'x-cache': 'HIT',
74 silly registry.get     'x-cache-hits': '1',
74 silly registry.get     'x-timer': 'S1434816123.990883,VS0,VE0',
74 silly registry.get     vary: 'Accept' } ]
75 verbose etag https://registry.npmjs.org/grunt-contrib-concat from cache
76 silly lockFile f6bb2664-grunt-contrib-concat grunt-contrib-concat@~
77 silly lockFile f6bb2664-grunt-contrib-concat grunt-contrib-concat@~
78 silly addNameRange number 2 { name: 'grunt-contrib-uglify',
78 silly addNameRange   range: '>=0.9.1-0 <0.10.0-0',
78 silly addNameRange   hasData: true }
79 silly addNameRange versions [ 'grunt-contrib-uglify',
79 silly addNameRange   [ '0.1.0',
79 silly addNameRange     '0.1.1',
79 silly addNameRange     '0.1.2',
79 silly addNameRange     '0.2.0',
79 silly addNameRange     '0.2.1',
79 silly addNameRange     '0.2.2',
79 silly addNameRange     '0.2.3',
79 silly addNameRange     '0.2.4',
79 silly addNameRange     '0.2.5',
79 silly addNameRange     '0.2.6',
79 silly addNameRange     '0.2.7',
79 silly addNameRange     '0.3.0',
79 silly addNameRange     '0.3.1',
79 silly addNameRange     '0.1.1-rc5',
79 silly addNameRange     '0.1.1-rc6',
79 silly addNameRange     '0.3.2',
79 silly addNameRange     '0.3.3',
79 silly addNameRange     '0.4.0',
79 silly addNameRange     '0.5.0',
79 silly addNameRange     '0.4.1',
79 silly addNameRange     '0.5.1',
79 silly addNameRange     '0.6.0',
79 silly addNameRange     '0.7.0',
79 silly addNameRange     '0.8.0',
79 silly addNameRange     '0.8.1',
79 silly addNameRange     '0.9.0',
79 silly addNameRange     '0.9.1' ] ]
80 verbose addNamed [ 'grunt-contrib-uglify', '0.9.1' ]
81 verbose addNamed [ '0.9.1', '0.9.1' ]
82 silly lockFile 59c70bbc-grunt-contrib-uglify-0-9-1 grunt-contrib-uglify@0.9.1
83 verbose lock grunt-contrib-uglify@0.9.1 C:\Users\Bo\AppData\Roaming\npm-cache\59c70bbc-grunt-contrib-uglify-0-9-1.lock
84 silly lockFile 59c70bbc-grunt-contrib-uglify-0-9-1 grunt-contrib-uglify@0.9.1
85 silly lockFile 59c70bbc-grunt-contrib-uglify-0-9-1 grunt-contrib-uglify@0.9.1
86 silly lockFile 88f03733-grunt-contrib-uglify-0-9-1 grunt-contrib-uglify@~0.9.1
87 silly lockFile 88f03733-grunt-contrib-uglify-0-9-1 grunt-contrib-uglify@~0.9.1
88 http 304 https://registry.npmjs.org/grunt-htmlcompressor
89 silly registry.get cb [ 304,
89 silly registry.get   { date: 'Sat, 20 Jun 2015 16:02:03 GMT',
89 silly registry.get     via: '1.1 varnish',
89 silly registry.get     'cache-control': 'max-age=60',
89 silly registry.get     etag: '"892ZQH1SVUIEAKX0NSC2YUTC1"',
89 silly registry.get     age: '0',
89 silly registry.get     connection: 'keep-alive',
89 silly registry.get     'x-served-by': 'cache-ams4131-AMS',
89 silly registry.get     'x-cache': 'MISS',
89 silly registry.get     'x-cache-hits': '0',
89 silly registry.get     'x-timer': 'S1434816123.983753,VS0,VE1121',
89 silly registry.get     vary: 'Accept' } ]
90 verbose etag https://registry.npmjs.org/grunt-htmlcompressor from cache
91 silly addNameRange number 2 { name: 'grunt-htmlcompressor',
91 silly addNameRange   range: '>=0.1.10-0 <0.2.0-0',
91 silly addNameRange   hasData: true }
92 silly addNameRange versions [ 'grunt-htmlcompressor',
92 silly addNameRange   [ '0.0.1',
92 silly addNameRange     '0.1.0',
92 silly addNameRange     '0.1.1',
92 silly addNameRange     '0.1.2',
92 silly addNameRange     '0.1.3',
92 silly addNameRange     '0.1.4',
92 silly addNameRange     '0.1.5',
92 silly addNameRange     '0.1.7',
92 silly addNameRange     '0.1.8',
92 silly addNameRange     '0.1.9',
92 silly addNameRange     '0.1.10' ] ]
93 verbose addNamed [ 'grunt-htmlcompressor', '0.1.10' ]
94 verbose addNamed [ '0.1.10', '0.1.10' ]
95 silly lockFile e2edf7f0-grunt-htmlcompressor-0-1-10 grunt-htmlcompressor@0.1.10
96 verbose lock grunt-htmlcompressor@0.1.10 C:\Users\Bo\AppData\Roaming\npm-cache\e2edf7f0-grunt-htmlcompressor-0-1-10.lock
97 silly lockFile 5deaa84f--grunt-htmlcompressor-0-1-10-tgz https://registry.npmjs.org/grunt-htmlcompressor/-/grunt-htmlcompressor-0.1.10.tgz
98 verbose lock https://registry.npmjs.org/grunt-htmlcompressor/-/grunt-htmlcompressor-0.1.10.tgz C:\Users\Bo\AppData\Roaming\npm-cache\5deaa84f--grunt-htmlcompressor-0-1-10-tgz.lock
99 verbose addRemoteTarball [ 'https://registry.npmjs.org/grunt-htmlcompressor/-/grunt-htmlcompressor-0.1.10.tgz',
99 verbose addRemoteTarball   'eec3bd0986663f46207b84f80c4a1d8357d18746' ]
100 info retry fetch attempt 1 at 18:01:58
101 verbose fetch to= C:\Users\Bo\AppData\Local\Temp\npm-9480-7JUIrjfQ\registry.npmjs.org\grunt-htmlcompressor\-\grunt-htmlcompressor-0.1.10.tgz
102 http GET https://registry.npmjs.org/grunt-htmlcompressor/-/grunt-htmlcompressor-0.1.10.tgz
103 http 200 https://registry.npmjs.org/grunt-htmlcompressor/-/grunt-htmlcompressor-0.1.10.tgz
104 silly lockFile 5deaa84f--grunt-htmlcompressor-0-1-10-tgz https://registry.npmjs.org/grunt-htmlcompressor/-/grunt-htmlcompressor-0.1.10.tgz
105 silly lockFile 5deaa84f--grunt-htmlcompressor-0-1-10-tgz https://registry.npmjs.org/grunt-htmlcompressor/-/grunt-htmlcompressor-0.1.10.tgz
106 silly lockFile e2edf7f0-grunt-htmlcompressor-0-1-10 grunt-htmlcompressor@0.1.10
107 silly lockFile e2edf7f0-grunt-htmlcompressor-0-1-10 grunt-htmlcompressor@0.1.10
108 silly lockFile 2dbbbc58-grunt-htmlcompressor-0-1-10 grunt-htmlcompressor@~0.1.10
109 silly lockFile 2dbbbc58-grunt-htmlcompressor-0-1-10 grunt-htmlcompressor@~0.1.10
110 error notarget No compatible version found: grunt-contrib-concat@'~'
110 error notarget Valid install targets:
110 error notarget ["0.1.0","0.1.1","0.1.2","0.1.3","0.2.0","0.3.0","0.4.0","0.5.0","0.5.1","0.1.2-rc5","0.1.2-rc6"]
110 error notarget
110 error notarget This is most likely not a problem with npm itself.
110 error notarget In most cases you or one of your dependencies are requesting
110 error notarget a package version that doesn't exist.
111 error System Windows_NT 6.2.9200
112 error command "C:\\Program Files\\nodejs\\\\node.exe" "C:\\Program Files\\nodejs\\node_modules\\npm\\bin\\npm-cli.js" "install"
113 error cwd R:\bothomsen.me
114 error node -v v0.10.32
115 error npm -v 1.4.28
116 error code ETARGET
117 verbose exit [ 1, true ]
